<?xml version="1.0" encoding="UTF-8" ?>
<testsuite tests="7" failures="0" name="com.datastructures.NodeTest" time="0.075" errors="0" skipped="0">
  <properties>
[...]
</properties>
  <testcase classname="com.datastructures.NodeTest" name="com.datastructures.NodeTest.testNodeWithGreaterThanNine" time="0.072"/>
  <testcase classname="com.datastructures.NodeTest" name="com.datastructures.NodeTest.testNodeWithLessThanZero" time="0"/>
  <testcase classname="com.datastructures.NodeTest" name="com.datastructures.NodeTest.testGetData" time="0.003"/>
  <testcase classname="com.datastructures.NodeTest" name="com.datastructures.NodeTest.testSetLeft" time="0"/>
  <testcase classname="com.datastructures.NodeTest" name="com.datastructures.NodeTest.testGetRight" time="0"/>
  <testcase classname="com.datastructures.NodeTest" name="com.datastructures.NodeTest.testGetLeft" time="0"/>
  <testcase classname="com.datastructures.NodeTest" name="com.datastructures.NodeTest.testSetRight" time="0"/>
</testsuite>